<?xml version="1.0" encoding="UTF-8"?>
<!-- Generated by org.testng.reporters.JUnitXMLReporter -->
<testsuite hostname="M-R9TG5ZK" name="Test B" tests="1" failures="1" timestamp="3 Dec 2017 19:05:53 GMT" time="0.023" errors="0">
  <testcase name="shoppingCart" time="0.008" classname="com.onlineshopping.core.testcases.DummyTestB">
    <failure type="java.lang.NullPointerException">
      <![CDATA[java.lang.NullPointerException
	at com.onlineshopping.core.basedata.BaseTestData.click(BaseTestData.java:85)
	at com.onlineshopping.core.testcases.DummyTestB.shoppingCart(DummyTestB.java:14)
... Removed 24 stack frames]]>
    </failure>
  </testcase> <!-- shoppingCart -->
</testsuite> <!-- Test B -->
